[debug] [2023-12-18T05:49:09.426Z] ----------------------------------------------------------------------
[debug] [2023-12-18T05:49:09.428Z] Command:       /usr/local/bin/firebase /Users/brianhoang/.cache/firebase/tools/lib/node_modules/firebase-tools/lib/bin/firebase init hosting
[debug] [2023-12-18T05:49:09.429Z] CLI Version:   13.0.2
[debug] [2023-12-18T05:49:09.429Z] Platform:      darwin
[debug] [2023-12-18T05:49:09.430Z] Node Version:  v18.5.0
[debug] [2023-12-18T05:49:09.430Z] Time:          Mon Dec 18 2023 12:49:09 GMT+0700 (Indochina Time)
[debug] [2023-12-18T05:49:09.431Z] ----------------------------------------------------------------------
[debug] 
[debug] [2023-12-18T05:49:09.443Z] > command requires scopes: ["email","openid","https://www.googleapis.com/auth/cloudplatformprojects.readonly","https://www.googleapis.com/auth/firebase","https://www.googleapis.com/auth/cloud-platform"]
[debug] [2023-12-18T05:49:09.444Z] > authorizing via signed-in user (brian.hoang.0101@gmail.com)
[info] 
     ######## #### ########  ######## ########     ###     ######  ########
     ##        ##  ##     ## ##       ##     ##  ##   ##  ##       ##
     ######    ##  ########  ######   ########  #########  ######  ######
     ##        ##  ##    ##  ##       ##     ## ##     ##       ## ##
     ##       #### ##     ## ######## ########  ##     ##  ######  ########

You're about to initialize a Firebase project in this directory:

  /Users/brianhoang/Documents/Project/tuna-bookstore

[info] 
=== Project Setup
[info] 
[info] First, let's associate this project directory with a Firebase project.
[info] You can create multiple project aliases by running firebase use --add, 
[info] but for now we'll just set up a default project.
[info] 
[debug] [2023-12-18T05:49:11.340Z] >>> [apiv2][query] GET https://firebase.googleapis.com/v1beta1/projects pageSize=100
[debug] [2023-12-18T05:49:12.002Z] <<< [apiv2][status] GET https://firebase.googleapis.com/v1beta1/projects 200
[debug] [2023-12-18T05:49:12.006Z] <<< [apiv2][body] GET https://firebase.googleapis.com/v1beta1/projects [omitted]
[info] i  Using project tunabook-aff (tunabook-aff) 
[info] 
=== Hosting Setup
[debug] [2023-12-18T05:49:15.882Z] >>> [apiv2][query] GET https://firebase.googleapis.com/v1beta1/projects/tunabook-aff [none]
[debug] [2023-12-18T05:49:16.424Z] <<< [apiv2][status] GET https://firebase.googleapis.com/v1beta1/projects/tunabook-aff 200
[debug] [2023-12-18T05:49:16.425Z] <<< [apiv2][body] GET https://firebase.googleapis.com/v1beta1/projects/tunabook-aff {"projectId":"tunabook-aff","projectNumber":"663731897991","displayName":"tunabook-aff","name":"projects/tunabook-aff","resources":{"hostingSite":"tunabook-aff"},"state":"ACTIVE","etag":"1_d2de3a70-07c0-4793-be60-6046a3ade7b5"}
[info] 
[info] i  Detected a .git folder at /Users/brianhoang/Documents/Project/tuna-bookstore 
[info] i  Authorizing with GitHub to upload your service account to a GitHub repository's secrets store. 
[info] 
[info] Visit this URL on this device to log in:
[info] https://github.com/login/oauth/authorize?client_id=89cf50f02ac6aaed3484&state=857185624&redirect_uri=http%3A%2F%2Flocalhost%3A9005&scope=read%3Auser%20repo%20public_repo
[info] 
[info] Waiting for authentication...
[debug] [2023-12-18T05:50:05.276Z] >>> [apiv2][query] POST https://github.com/login/oauth/access_token [none]
[debug] [2023-12-18T05:50:05.276Z] >>> [apiv2][body] POST https://github.com/login/oauth/access_token [stream]
[debug] [2023-12-18T05:50:05.819Z] <<< [apiv2][status] POST https://github.com/login/oauth/access_token 200
[debug] [2023-12-18T05:50:05.820Z] <<< [apiv2][body] POST https://github.com/login/oauth/access_token {"access_token":"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","token_type":"bearer","scope":"read:user,repo"}
[debug] [2023-12-18T05:50:05.838Z] >>> [apiv2][query] GET https://api.github.com/user [none]
[debug] [2023-12-18T05:50:06.577Z] <<< [apiv2][status] GET https://api.github.com/user 200
[debug] [2023-12-18T05:50:06.579Z] <<< [apiv2][body] GET https://api.github.com/user {"login":"brianhoang0101","id":55401916,"node_id":"MDQ6VXNlcjU1NDAxOTE2","avatar_url":"https://avatars.githubusercontent.com/u/55401916?v=4","gravatar_id":"","url":"https://api.github.com/users/brianhoang0101","html_url":"https://github.com/brianhoang0101","followers_url":"https://api.github.com/users/brianhoang0101/followers","following_url":"https://api.github.com/users/brianhoang0101/following{/other_user}","gists_url":"https://api.github.com/users/brianhoang0101/gists{/gist_id}","starred_url":"https://api.github.com/users/brianhoang0101/starred{/owner}{/repo}","subscriptions_url":"https://api.github.com/users/brianhoang0101/subscriptions","organizations_url":"https://api.github.com/users/brianhoang0101/orgs","repos_url":"https://api.github.com/users/brianhoang0101/repos","events_url":"https://api.github.com/users/brianhoang0101/events{/privacy}","received_events_url":"https://api.github.com/users/brianhoang0101/received_events","type":"User","site_admin":false,"name":"Brian - Pro Dev","company":null,"blog":"","location":null,"email":null,"hireable":null,"bio":null,"twitter_username":null,"public_repos":1,"public_gists":0,"followers":0,"following":0,"created_at":"2019-09-16T15:46:03Z","updated_at":"2023-12-01T13:15:11Z","private_gists":0,"total_private_repos":0,"owned_private_repos":0,"disk_usage":1,"collaborators":0,"two_factor_authentication":false,"plan":{"name":"free","space":976562499,"collaborators":0,"private_repos":10000}}
[info] 
[info] ✔  Success! Logged into GitHub as brianhoang0101 
[info] 
